#
# There is insufficient memory for the Java Runtime Environment to continue.
# Native memory allocation (mmap) failed to map 787480576 bytes for committing reserved memory.
# Possible reasons:
#   The system is out of physical RAM or swap space
#   In 32 bit mode, the process size limit was hit
# Possible solutions:
#   Reduce memory load on the system
#   Increase physical memory or swap space
#   Check if swap backing store is full
#   Use 64 bit Java on a 64 bit OS
#   Decrease Java heap size (-Xmx/-Xms)
#   Decrease number of Java threads
#   Decrease Java thread stack sizes (-Xss)
#   Set larger code cache with -XX:ReservedCodeCacheSize=
# This output file may be truncated or incomplete.
#
#  Out of Memory Error (os_linux.cpp:2640), pid=11807, tid=0x00007f13d1f3f700
#
# JRE version:  (8.0_131-b11) (build )
# Java VM: Java HotSpot(TM) 64-Bit Server VM (25.131-b11 mixed mode linux-amd64 compressed oops)
# Failed to write core dump. Core dumps have been disabled. To enable core dumping, try "ulimit -c unlimited" before starting Java again
#

---------------  T H R E A D  ---------------

Current thread (0x00007f13cc00a8e0):  JavaThread "Unknown thread" [_thread_in_vm, id=11808, stack(0x00007f13d1eff000,0x00007f13d1f40000)]

Stack: [0x00007f13d1eff000,0x00007f13d1f40000],  sp=0x00007f13d1f3e370,  free space=252k
Native frames: (J=compiled Java code, j=interpreted, Vv=VM code, C=native code)
V  [libjvm.so+0xac826a]  VMError::report_and_die()+0x2ba
V  [libjvm.so+0x4fd4cb]  report_vm_out_of_memory(char const*, int, unsigned long, VMErrorType, char const*)+0x8b
V  [libjvm.so+0x924f53]  os::Linux::commit_memory_impl(char*, unsigned long, bool)+0x103
V  [libjvm.so+0x9254a9]  os::pd_commit_memory(char*, unsigned long, unsigned long, bool)+0x29
V  [libjvm.so+0x91f6ca]  os::commit_memory(char*, unsigned long, unsigned long, bool)+0x2a
V  [libjvm.so+0xac3fc9]  VirtualSpace::expand_by(unsigned long, bool)+0x199
V  [libjvm.so+0xac4b1e]  VirtualSpace::initialize(ReservedSpace, unsigned long)+0xee
V  [libjvm.so+0x5fb921]  CardGeneration::CardGeneration(ReservedSpace, unsigned long, int, GenRemSet*)+0xf1
V  [libjvm.so+0x4e6b9e]  ConcurrentMarkSweepGeneration::ConcurrentMarkSweepGeneration(ReservedSpace, unsigned long, int, CardTableRS*, bool, FreeBlockDictionary<FreeChunk>::DictionaryChoice)+0x4e
V  [libjvm.so+0x5fc9e2]  GenerationSpec::init(ReservedSpace, int, GenRemSet*)+0xf2
V  [libjvm.so+0x5eb81e]  GenCollectedHeap::initialize()+0x1de
V  [libjvm.so+0xa902e3]  Universe::initialize_heap()+0xf3
V  [libjvm.so+0xa9084e]  universe_init()+0x3e
V  [libjvm.so+0x63e3e5]  init_globals()+0x65
V  [libjvm.so+0xa73f3e]  Threads::create_vm(JavaVMInitArgs*, bool*)+0x23e
V  [libjvm.so+0x6d2ce4]  JNI_CreateJavaVM+0x74
C  [libjli.so+0x745e]  JavaMain+0x9e
C  [libpthread.so.0+0x76ba]  start_thread+0xca


---------------  P R O C E S S  ---------------

Java Threads: ( => current thread )

Other Threads:

=>0x00007f13cc00a8e0 (exited) JavaThread "Unknown thread" [_thread_in_vm, id=11808, stack(0x00007f13d1eff000,0x00007f13d1f40000)]

VM state:not at safepoint (not fully initialized)

VM Mutex/Monitor currently owned by a thread: None

GC Heap History (0 events):
No events

Deoptimization events (0 events):
No events

Internal exceptions (0 events):
No events

Events (0 events):
No events


Dynamic libraries:
00400000-00401000 r-xp 00000000 08:01 210937                             /usr/lib/jvm/java-8-oracle/jre/bin/java
00600000-00601000 rw-p 00000000 08:01 210937                             /usr/lib/jvm/java-8-oracle/jre/bin/java
01be4000-01c05000 rw-p 00000000 00:00 0                                  [heap]
c1800000-d1100000 rw-p 00000000 00:00 0 
7f13b0000000-7f13b0021000 rw-p 00000000 00:00 0 
7f13b0021000-7f13b4000000 ---p 00000000 00:00 0 
7f13b757e000-7f13b7c86000 rw-p 00000000 00:00 0 
7f13b7c86000-7f13b7dfd000 ---p 00000000 00:00 0 
7f13b7dfd000-7f13b7dfe000 rw-p 00000000 00:00 0 
7f13b7dfe000-7f13b7dff000 ---p 00000000 00:00 0 
7f13b7dff000-7f13b7eff000 rw-p 00000000 00:00 0 
7f13b7eff000-7f13b7f00000 ---p 00000000 00:00 0 
7f13b7f00000-7f13b8000000 rw-p 00000000 00:00 0 
7f13b8000000-7f13b8021000 rw-p 00000000 00:00 0 
7f13b8021000-7f13bc000000 ---p 00000000 00:00 0 
7f13bc0d8000-7f13bc0d9000 ---p 00000000 00:00 0 
7f13bc0d9000-7f13bc1e3000 rw-p 00000000 00:00 0 
7f13bc1e3000-7f13bc599000 ---p 00000000 00:00 0 
7f13bc599000-7f13bc809000 rwxp 00000000 00:00 0 
7f13bc809000-7f13cb599000 ---p 00000000 00:00 0 
7f13cb599000-7f13cb5b3000 r-xp 00000000 08:01 211247                     /usr/lib/jvm/java-8-oracle/jre/lib/amd64/libzip.so
7f13cb5b3000-7f13cb7b3000 ---p 0001a000 08:01 211247                     /usr/lib/jvm/java-8-oracle/jre/lib/amd64/libzip.so
7f13cb7b3000-7f13cb7b4000 rw-p 0001a000 08:01 211247                     /usr/lib/jvm/java-8-oracle/jre/lib/amd64/libzip.so
7f13cb7b4000-7f13cb7be000 r-xp 00000000 08:01 211256                     /usr/lib/jvm/java-8-oracle/jre/lib/amd64/libinstrument.so
7f13cb7be000-7f13cb9bd000 ---p 0000a000 08:01 211256                     /usr/lib/jvm/java-8-oracle/jre/lib/amd64/libinstrument.so
7f13cb9bd000-7f13cb9be000 rw-p 00009000 08:01 211256                     /usr/lib/jvm/java-8-oracle/jre/lib/amd64/libinstrument.so
7f13cb9be000-7f13cb9e9000 r-xp 00000000 08:01 211241                     /usr/lib/jvm/java-8-oracle/jre/lib/amd64/libjava.so
7f13cb9e9000-7f13cbbe8000 ---p 0002b000 08:01 211241                     /usr/lib/jvm/java-8-oracle/jre/lib/amd64/libjava.so
7f13cbbe8000-7f13cbbea000 rw-p 0002a000 08:01 211241                     /usr/lib/jvm/java-8-oracle/jre/lib/amd64/libjava.so
7f13cbbea000-7f13cbbf7000 r-xp 00000000 08:01 211246                     /usr/lib/jvm/java-8-oracle/jre/lib/amd64/libverify.so
7f13cbbf7000-7f13cbdf6000 ---p 0000d000 08:01 211246                     /usr/lib/jvm/java-8-oracle/jre/lib/amd64/libverify.so
7f13cbdf6000-7f13cbdf8000 rw-p 0000c000 08:01 211246                     /usr/lib/jvm/java-8-oracle/jre/lib/amd64/libverify.so
7f13cbdf8000-7f13cbdff000 r-xp 00000000 08:01 194068                     /lib/x86_64-linux-gnu/librt-2.23.so
7f13cbdff000-7f13cbffe000 ---p 00007000 08:01 194068                     /lib/x86_64-linux-gnu/librt-2.23.so
7f13cbffe000-7f13cbfff000 r--p 00006000 08:01 194068                     /lib/x86_64-linux-gnu/librt-2.23.so
7f13cbfff000-7f13cc000000 rw-p 00007000 08:01 194068                     /lib/x86_64-linux-gnu/librt-2.23.so
7f13cc000000-7f13cc03c000 rw-p 00000000 00:00 0 
7f13cc03c000-7f13d0000000 ---p 00000000 00:00 0 
7f13d003d000-7f13d0145000 r-xp 00000000 08:01 146190                     /lib/x86_64-linux-gnu/libm-2.23.so
7f13d0145000-7f13d0344000 ---p 00108000 08:01 146190                     /lib/x86_64-linux-gnu/libm-2.23.so
7f13d0344000-7f13d0345000 r--p 00107000 08:01 146190                     /lib/x86_64-linux-gnu/libm-2.23.so
7f13d0345000-7f13d0346000 rw-p 00108000 08:01 146190                     /lib/x86_64-linux-gnu/libm-2.23.so
7f13d0346000-7f13d1015000 r-xp 00000000 08:01 211222                     /usr/lib/jvm/java-8-oracle/jre/lib/amd64/server/libjvm.so
7f13d1015000-7f13d1215000 ---p 00ccf000 08:01 211222                     /usr/lib/jvm/java-8-oracle/jre/lib/amd64/server/libjvm.so
7f13d1215000-7f13d12ee000 rw-p 00ccf000 08:01 211222                     /usr/lib/jvm/java-8-oracle/jre/lib/amd64/server/libjvm.so
7f13d12ee000-7f13d1339000 rw-p 00000000 00:00 0 
7f13d1339000-7f13d14f8000 r-xp 00000000 08:01 146193                     /lib/x86_64-linux-gnu/libc-2.23.so
7f13d14f8000-7f13d16f8000 ---p 001bf000 08:01 146193                     /lib/x86_64-linux-gnu/libc-2.23.so
7f13d16f8000-7f13d16fc000 r--p 001bf000 08:01 146193                     /lib/x86_64-linux-gnu/libc-2.23.so
7f13d16fc000-7f13d16fe000 rw-p 001c3000 08:01 146193                     /lib/x86_64-linux-gnu/libc-2.23.so
7f13d16fe000-7f13d1702000 rw-p 00000000 00:00 0 
7f13d1702000-7f13d1705000 r-xp 00000000 08:01 146179                     /lib/x86_64-linux-gnu/libdl-2.23.so
7f13d1705000-7f13d1904000 ---p 00003000 08:01 146179                     /lib/x86_64-linux-gnu/libdl-2.23.so
7f13d1904000-7f13d1905000 r--p 00002000 08:01 146179                     /lib/x86_64-linux-gnu/libdl-2.23.so
7f13d1905000-7f13d1906000 rw-p 00003000 08:01 146179                     /lib/x86_64-linux-gnu/libdl-2.23.so
7f13d1906000-7f13d191b000 r-xp 00000000 08:01 211197                     /usr/lib/jvm/java-8-oracle/jre/lib/amd64/jli/libjli.so
7f13d191b000-7f13d1b1b000 ---p 00015000 08:01 211197                     /usr/lib/jvm/java-8-oracle/jre/lib/amd64/jli/libjli.so
7f13d1b1b000-7f13d1b1c000 rw-p 00015000 08:01 211197                     /usr/lib/jvm/java-8-oracle/jre/lib/amd64/jli/libjli.so
7f13d1b1c000-7f13d1b34000 r-xp 00000000 08:01 194171                     /lib/x86_64-linux-gnu/libpthread-2.23.so
7f13d1b34000-7f13d1d33000 ---p 00018000 08:01 194171                     /lib/x86_64-linux-gnu/libpthread-2.23.so
7f13d1d33000-7f13d1d34000 r--p 00017000 08:01 194171                     /lib/x86_64-linux-gnu/libpthread-2.23.so
7f13d1d34000-7f13d1d35000 rw-p 00018000 08:01 194171                     /lib/x86_64-linux-gnu/libpthread-2.23.so
7f13d1d35000-7f13d1d39000 rw-p 00000000 00:00 0 
7f13d1d39000-7f13d1d5f000 r-xp 00000000 08:01 148320                     /lib/x86_64-linux-gnu/ld-2.23.so
7f13d1dfe000-7f13d1dff000 ---p 00000000 00:00 0 
7f13d1dff000-7f13d1eff000 rw-p 00000000 00:00 0 
7f13d1eff000-7f13d1f02000 ---p 00000000 00:00 0 
7f13d1f02000-7f13d1f44000 rw-p 00000000 00:00 0 
7f13d1f52000-7f13d1f5b000 rw-p 00000000 00:00 0 
7f13d1f5b000-7f13d1f5c000 r--p 00000000 00:00 0 
7f13d1f5c000-7f13d1f5e000 rw-p 00000000 00:00 0 
7f13d1f5e000-7f13d1f5f000 r--p 00025000 08:01 148320                     /lib/x86_64-linux-gnu/ld-2.23.so
7f13d1f5f000-7f13d1f60000 rw-p 00026000 08:01 148320                     /lib/x86_64-linux-gnu/ld-2.23.so
7f13d1f60000-7f13d1f61000 rw-p 00000000 00:00 0 
7ffe45e50000-7ffe45e72000 rw-p 00000000 00:00 0                          [stack]
7ffe45f34000-7ffe45f36000 r--p 00000000 00:00 0                          [vvar]
7ffe45f36000-7ffe45f38000 r-xp 00000000 00:00 0                          [vdso]
ffffffffff600000-ffffffffff601000 r-xp 00000000 00:00 0                  [vsyscall]

VM Arguments:
jvm_args: -Xloggc:/var/log/cassandra/gc.log -ea -XX:+UseThreadPriorities -XX:ThreadPriorityPolicy=42 -XX:+HeapDumpOnOutOfMemoryError -Xss256k -XX:StringTableSize=1000003 -XX:+AlwaysPreTouch -XX:-UseBiasedLocking -XX:+UseTLAB -XX:+ResizeTLAB -XX:+PerfDisableSharedMem -Djava.net.preferIPv4Stack=true -XX:+UseParNewGC -XX:+UseConcMarkSweepGC -XX:+CMSParallelRemarkEnabled -XX:SurvivorRatio=8 -XX:MaxTenuringThreshold=1 -XX:CMSInitiatingOccupancyFraction=75 -XX:+UseCMSInitiatingOccupancyOnly -XX:CMSWaitDuration=10000 -XX:+CMSParallelInitialMarkEnabled -XX:+CMSEdenChunksRecordAlways -XX:+CMSClassUnloadingEnabled -XX:+PrintGCDetails -XX:+PrintGCDateStamps -XX:+PrintHeapAtGC -XX:+PrintTenuringDistribution -XX:+PrintGCApplicationStoppedTime -XX:+PrintPromotionFailure -XX:+UseGCLogFileRotation -XX:NumberOfGCLogFiles=10 -XX:GCLogFileSize=10M -Xms999M -Xmx999M -Xmn249M -XX:+UseCondCardMark -XX:CompileCommandFile=/etc/cassandra/hotspot_compiler -javaagent:/usr/share/cassandra/lib/jamm-0.3.0.jar -Dcassandra.jmx.local.port=7199 -Dcom.sun.management.jmxremote.authenticate=false -Dcom.sun.management.jmxremote.password.file=/etc/cassandra/jmxremote.password -Djava.library.path=/usr/share/cassandra/lib/sigar-bin -Dlogback.configurationFile=logback.xml -Dcassandra.logdir=/var/log/cassandra -Dcassandra.storagedir=/var/lib/cassandra 
java_command: org.apache.cassandra.service.CassandraDaemon
java_class_path (initial): /etc/cassandra:/usr/share/cassandra/lib/HdrHistogram-2.1.9.jar:/usr/share/cassandra/lib/ST4-4.0.8.jar:/usr/share/cassandra/lib/airline-0.6.jar:/usr/share/cassandra/lib/antlr-runtime-3.5.2.jar:/usr/share/cassandra/lib/asm-5.0.4.jar:/usr/share/cassandra/lib/caffeine-2.2.6.jar:/usr/share/cassandra/lib/cassandra-driver-core-3.0.1-shaded.jar:/usr/share/cassandra/lib/commons-cli-1.1.jar:/usr/share/cassandra/lib/commons-codec-1.2.jar:/usr/share/cassandra/lib/commons-lang3-3.1.jar:/usr/share/cassandra/lib/commons-math3-3.2.jar:/usr/share/cassandra/lib/compress-lzf-0.8.4.jar:/usr/share/cassandra/lib/concurrent-trees-2.4.0.jar:/usr/share/cassandra/lib/concurrentlinkedhashmap-lru-1.4.jar:/usr/share/cassandra/lib/disruptor-3.0.1.jar:/usr/share/cassandra/lib/ecj-4.4.2.jar:/usr/share/cassandra/lib/guava-18.0.jar:/usr/share/cassandra/lib/high-scale-lib-1.0.6.jar:/usr/share/cassandra/lib/hppc-0.5.4.jar:/usr/share/cassandra/lib/jackson-core-asl-1.9.2.jar:/usr/share/cassandra/lib/jackson-mapper-asl-1.9.2.jar:/usr/share/cassandra/lib/jamm-0.3.0.jar:/usr/share/cassandra/lib/javax.inject.jar:/usr/share/cassandra/lib/jbcrypt-0.3m.jar:/usr/share/cassandra/lib/jcl-over-slf4j-1.7.7.jar:/usr/share/cassandra/lib/jflex-1.6.0.jar:/usr/share/cassandra/lib/jna-4.0.0.jar:/usr/share/cassandra/lib/joda-time-2.4.jar:/usr/share/cassandra/lib/json-simple-1.1.jar:/usr/share/cassandra/lib/libthrift-0.9.2.jar:/usr/share/cassandra/lib/log4j-over-slf4j-1.7.7.jar:/usr/share/cassandra/lib/logback-classic-1.1.3.jar:/usr/share/cassandra/lib/logback-core-1.1.3.jar:/usr/share/cassandra/lib/lz4-1.3.0.jar:/usr/share/cassandra/lib/metrics-core-3.1.0.jar:/usr/share/cassandra/lib/metrics-jvm-3.1.0.jar:/usr/share/cassandra/lib/metrics-logback-3.1.0.jar:/usr/share/cassandra/lib/netty-all-4.0.39.Final.jar:/usr/share/cassandra/lib/ohc-core-0.4.3.jar:/usr/share/cassandra/lib/ohc-core-j8-0.4.3.jar:/usr/share/cassandra/lib/primitive-1.0.jar:/usr/share/cassandra/lib/reporter-config-base-3.0.0.jar:
Launcher Type: SUN_STANDARD

Environment Variables:
PATH=/home/georgiy/bin:/home/georgiy/.local/bin:/usr/local/sbin:/usr/local/bin:/usr/sbin:/usr/bin:/sbin:/bin:/usr/games:/usr/local/games:/snap/bin
SHELL=/bin/bash
DISPLAY=:0

Signal Handlers:
SIGSEGV: [libjvm.so+0xac8af0], sa_mask[0]=11111111011111111101111111111110, sa_flags=SA_RESTART|SA_SIGINFO
SIGBUS: [libjvm.so+0xac8af0], sa_mask[0]=11111111011111111101111111111110, sa_flags=SA_RESTART|SA_SIGINFO
SIGFPE: [libjvm.so+0x921dd0], sa_mask[0]=11111111011111111101111111111110, sa_flags=SA_RESTART|SA_SIGINFO
SIGPIPE: [libjvm.so+0x921dd0], sa_mask[0]=11111111011111111101111111111110, sa_flags=SA_RESTART|SA_SIGINFO
SIGXFSZ: [libjvm.so+0x921dd0], sa_mask[0]=11111111011111111101111111111110, sa_flags=SA_RESTART|SA_SIGINFO
SIGILL: [libjvm.so+0x921dd0], sa_mask[0]=11111111011111111101111111111110, sa_flags=SA_RESTART|SA_SIGINFO
SIGUSR1: SIG_DFL, sa_mask[0]=00000000000000000000000000000000, sa_flags=none
SIGUSR2: [libjvm.so+0x923610], sa_mask[0]=00000000000000000000000000000000, sa_flags=SA_RESTART|SA_SIGINFO
SIGHUP: SIG_DFL, sa_mask[0]=00000000000000000000000000000000, sa_flags=none
SIGINT: SIG_IGN, sa_mask[0]=00000000000000000000000000000000, sa_flags=none
SIGTERM: SIG_DFL, sa_mask[0]=00000000000000000000000000000000, sa_flags=none
SIGQUIT: SIG_IGN, sa_mask[0]=00000000000000000000000000000000, sa_flags=none


---------------  S Y S T E M  ---------------

OS:DISTRIB_ID=Ubuntu
DISTRIB_RELEASE=16.04
DISTRIB_CODENAME=xenial
DISTRIB_DESCRIPTION="Ubuntu 16.04.1 LTS"

uname:Linux 4.4.0-78-generic #99-Ubuntu SMP Thu Apr 27 15:29:09 UTC 2017 x86_64
libc:glibc 2.23 NPTL 2.23 
rlimit: STACK 8192k, CORE 0k, NPROC 7842, NOFILE 65536, AS infinity
load average:0.83 0.52 0.35

/proc/meminfo:
MemTotal:        2047896 kB
MemFree:           65428 kB
MemAvailable:      22196 kB
Buffers:            3872 kB
Cached:            80932 kB
SwapCached:        20724 kB
Active:           317920 kB
Inactive:         314936 kB
Active(anon):     298748 kB
Inactive(anon):   295568 kB
Active(file):      19172 kB
Inactive(file):    19368 kB
Unevictable:     1219588 kB
Mlocked:         1219588 kB
SwapTotal:       2095100 kB
SwapFree:         549060 kB
Dirty:                20 kB
Writeback:             0 kB
AnonPages:       1747208 kB
Mapped:            73280 kB
Shmem:             20376 kB
Slab:              54356 kB
SReclaimable:      25704 kB
SUnreclaim:        28652 kB
KernelStack:       10752 kB
PageTables:        40120 kB
NFS_Unstable:          0 kB
Bounce:                0 kB
WritebackTmp:          0 kB
CommitLimit:     3119048 kB
Committed_AS:    7476604 kB
VmallocTotal:   34359738367 kB
VmallocUsed:           0 kB
VmallocChunk:          0 kB
HardwareCorrupted:     0 kB
AnonHugePages:   1042432 kB
CmaTotal:              0 kB
CmaFree:               0 kB
HugePages_Total:       0
HugePages_Free:        0
HugePages_Rsvd:        0
HugePages_Surp:        0
Hugepagesize:       2048 kB
DirectMap4k:       81856 kB
DirectMap2M:     2015232 kB


CPU:total 4 (initial active 4) (4 cores per cpu, 1 threads per core) family 6 model 78 stepping 3, cmov, cx8, fxsr, mmx, sse, sse2, sse3, ssse3, sse4.1, sse4.2, popcnt, avx, aes, clmul, 3dnowpref, lzcnt, tsc, tscinvbit

/proc/cpuinfo:
processor	: 0
vendor_id	: GenuineIntel
cpu family	: 6
model		: 78
model name	: Intel(R) Core(TM) i3-6100U CPU @ 2.30GHz
stepping	: 3
cpu MHz		: 2303.996
cache size	: 3072 KB
physical id	: 0
siblings	: 4
core id		: 0
cpu cores	: 4
apicid		: 0
initial apicid	: 0
fpu		: yes
fpu_exception	: yes
cpuid level	: 22
wp		: yes
flags		: fpu vme de pse tsc msr pae mce cx8 apic sep mtrr pge mca cmov pat pse36 clflush mmx fxsr sse sse2 ht syscall nx rdtscp lm constant_tsc rep_good nopl xtopology nonstop_tsc pni pclmulqdq ssse3 cx16 sse4_1 sse4_2 x2apic movbe popcnt aes xsave avx rdrand hypervisor lahf_lm abm 3dnowprefetch rdseed clflushopt
bugs		:
bogomips	: 4607.99
clflush size	: 64
cache_alignment	: 64
address sizes	: 39 bits physical, 48 bits virtual
power management:

processor	: 1
vendor_id	: GenuineIntel
cpu family	: 6
model		: 78
model name	: Intel(R) Core(TM) i3-6100U CPU @ 2.30GHz
stepping	: 3
cpu MHz		: 2303.996
cache size	: 3072 KB
physical id	: 0
siblings	: 4
core id		: 1
cpu cores	: 4
apicid		: 1
initial apicid	: 1
fpu		: yes
fpu_exception	: yes
cpuid level	: 22
wp		: yes
flags		: fpu vme de pse tsc msr pae mce cx8 apic sep mtrr pge mca cmov pat pse36 clflush mmx fxsr sse sse2 ht syscall nx rdtscp lm constant_tsc rep_good nopl xtopology nonstop_tsc pni pclmulqdq ssse3 cx16 sse4_1 sse4_2 x2apic movbe popcnt aes xsave avx rdrand hypervisor lahf_lm abm 3dnowprefetch rdseed clflushopt
bugs		:
bogomips	: 4607.99
clflush size	: 64
cache_alignment	: 64
address sizes	: 39 bits physical, 48 bits virtual
power management:

processor	: 2
vendor_id	: GenuineIntel
cpu family	: 6
model		: 78
model name	: Intel(R) Core(TM) i3-6100U CPU @ 2.30GHz
stepping	: 3
cpu MHz		: 2303.996
cache size	: 3072 KB
physical id	: 0
siblings	: 4
core id		: 2
cpu cores	: 4
apicid		: 2
initial apicid	: 2
fpu		: yes
fpu_exception	: yes
cpuid level	: 22
wp		: yes
flags		: fpu vme de pse tsc msr pae mce cx8 apic sep mtrr pge mca cmov pat pse36 clflush mmx fxsr sse sse2 ht syscall nx rdtscp lm constant_tsc rep_good nopl xtopology nonstop_tsc pni pclmulqdq ssse3 cx16 sse4_1 sse4_2 x2apic movbe popcnt aes xsave avx rdrand hypervisor lahf_lm abm 3dnowprefetch rdseed clflushopt
bugs		:
bogomips	: 4607.99
clflush size	: 64
cache_alignment	: 64
address sizes	: 39 bits physical, 48 bits virtual
power management:

processor	: 3
vendor_id	: GenuineIntel
cpu family	: 6
model		: 78
model name	: Intel(R) Core(TM) i3-6100U CPU @ 2.30GHz
stepping	: 3
cpu MHz		: 2303.996
cache size	: 3072 KB
physical id	: 0
siblings	: 4
core id		: 3
cpu cores	: 4
apicid		: 3
initial apicid	: 3
fpu		: yes
fpu_exception	: yes
cpuid level	: 22
wp		: yes
flags		: fpu vme de pse tsc msr pae mce cx8 apic sep mtrr pge mca cmov pat pse36 clflush mmx fxsr sse sse2 ht syscall nx rdtscp lm constant_tsc rep_good nopl xtopology nonstop_tsc pni pclmulqdq ssse3 cx16 sse4_1 sse4_2 x2apic movbe popcnt aes xsave avx rdrand hypervisor lahf_lm abm 3dnowprefetch rdseed clflushopt
bugs		:
bogomips	: 4607.99
clflush size	: 64
cache_alignment	: 64
address sizes	: 39 bits physical, 48 bits virtual
power management:



Memory: 4k page, physical 2047896k(65924k free), swap 2095100k(549060k free)

vm_info: Java HotSpot(TM) 64-Bit Server VM (25.131-b11) for linux-amd64 JRE (1.8.0_131-b11), built on Mar 15 2017 01:23:40 by "java_re" with gcc 4.3.0 20080428 (Red Hat 4.3.0-8)

time: Tue May 30 11:15:16 2017
elapsed time: 0 seconds (0d 0h 0m 0s)

